abr. 25, 2025 7:39:00 PM liquibase.changelog
INFORMAÇÕES: Reading resource: db/changelog/migrations/db.changelog-202504251438.sql
abr. 25, 2025 7:39:00 PM liquibase.changelog
INFORMAÇÕES: Reading resource: db/changelog/migrations/db.changelog-202504251503.sql
abr. 25, 2025 7:39:00 PM liquibase.changelog
INFORMAÇÕES: Reading resource: db/changelog/migrations/db.changelog-202504251837.sql
abr. 25, 2025 7:39:00 PM liquibase.changelog
INFORMAÇÕES: Reading resource: db/changelog/migrations/db.changelog-202504251915.sql
abr. 25, 2025 7:39:00 PM liquibase.changelog
INFORMAÇÕES: Reading from board.databasechangelog
abr. 25, 2025 7:39:00 PM liquibase.lockservice
INFORMAÇÕES: Successfully acquired change log lock
abr. 25, 2025 7:39:00 PM liquibase.command
INFORMAÇÕES: Using deploymentId: 5620740822
abr. 25, 2025 7:39:00 PM liquibase.changelog
INFORMAÇÕES: Reading from board.databasechangelog
Running Changeset: db/changelog/migrations/db.changelog-202504251503.sql::202504251503::vini
abr. 25, 2025 7:39:01 PM liquibase.changelog
INFORMAÇÕES: Custom SQL executed
abr. 25, 2025 7:39:01 PM liquibase.changelog
INFORMAÇÕES: ChangeSet db/changelog/migrations/db.changelog-202504251503.sql::202504251503::vini ran successfully in 1064ms
Running Changeset: db/changelog/migrations/db.changelog-202504251837.sql::202504251837::vini
abr. 25, 2025 7:39:02 PM liquibase.changelog
INFORMAÇÕES: Custom SQL executed
abr. 25, 2025 7:39:02 PM liquibase.changelog
INFORMAÇÕES: ChangeSet db/changelog/migrations/db.changelog-202504251837.sql::202504251837::vini ran successfully in 555ms
Running Changeset: db/changelog/migrations/db.changelog-202504251915.sql::2025042511915::vini
abr. 25, 2025 7:39:03 PM liquibase.changelog
INFORMAÇÕES: Custom SQL executed
abr. 25, 2025 7:39:03 PM liquibase.changelog
INFORMAÇÕES: ChangeSet db/changelog/migrations/db.changelog-202504251915.sql::2025042511915::vini ran successfully in 757ms

UPDATE SUMMARY
Run:                          3
Previously run:               1
Filtered out:                 0
-------------------------------
Total change sets:            4

abr. 25, 2025 7:39:03 PM liquibase.util
INFORMAÇÕES: UPDATE SUMMARY
abr. 25, 2025 7:39:03 PM liquibase.util
INFORMAÇÕES: Run:                          3
abr. 25, 2025 7:39:03 PM liquibase.util
INFORMAÇÕES: Previously run:               1
abr. 25, 2025 7:39:03 PM liquibase.util
INFORMAÇÕES: Filtered out:                 0
abr. 25, 2025 7:39:03 PM liquibase.util
INFORMAÇÕES: -------------------------------
abr. 25, 2025 7:39:03 PM liquibase.util
INFORMAÇÕES: Total change sets:            4
abr. 25, 2025 7:39:03 PM liquibase.util
INFORMAÇÕES: Update summary generated
abr. 25, 2025 7:39:03 PM liquibase.command
INFORMAÇÕES: Update command completed successfully.
Liquibase: Update has been successful. Rows affected: 3
abr. 25, 2025 7:39:03 PM liquibase.lockservice
INFORMAÇÕES: Successfully released change log lock
abr. 25, 2025 7:39:03 PM liquibase.command
INFORMAÇÕES: Command execution complete
